# psi Omega_F/Omega_H for a=0.998000
0.000000000000000000e+00 4.804886563129875388e-01
2.132063644211532657e-04 4.812759789356583773e-01
8.540103797883489807e-04 4.815597324485657582e-01
1.916334100177131353e-03 4.815775316061407518e-01
3.397412398729416933e-03 4.815669911628144284e-01
5.287440444682474892e-03 4.817552976510604545e-01
7.582734583844517699e-03 4.810935090358884891e-01
1.027304328402389028e-02 4.809547006763836285e-01
1.335609651415164967e-02 4.798660397624703866e-01
1.682106684487835388e-02 4.796770743496951983e-01
2.066549998568275801e-02 4.789803072036731835e-01
2.487837693072351281e-02 4.790181264226902602e-01
2.945939311872063787e-02 4.785167581429236039e-01
3.440228527424614435e-02 4.778518962635071032e-01
3.971207388333829191e-02 4.767676080389671722e-01
4.538784014316204346e-02 4.750930848027493103e-01
5.143567275859053933e-02 4.736132453890346539e-01
5.785503941958784757e-02 4.721473842142954180e-01
6.465015831031095672e-02 4.706270823062992381e-01
7.182020648640981275e-02 4.693037426597382322e-01
7.937118369094467440e-02 4.679408631577489097e-01
8.730388379929601705e-02 4.664579511284527302e-01
9.562478057302864487e-02 4.649404334465962463e-01
1.043344354351743164e-01 4.634667239482229140e-01
1.134383698927169948e-01 4.620511463931396001e-01
1.229374504027788001e-01 4.606632207595831585e-01
1.328388714586579145e-01 4.591686137230478471e-01
1.431461354445199841e-01 4.575785655807124153e-01
1.538678166444458761e-01 4.558786895184359644e-01
1.650078125610475177e-01 4.540891141270052001e-01
1.765738729501551973e-01 4.522758486704022696e-01
1.885691740025305652e-01 4.503708671606890812e-01
2.010015460437919177e-01 4.484225143161328364e-01
2.138748535625102087e-01 4.463550808926813329e-01
2.271968526086284024e-01 4.442510790998629999e-01
2.409701509362080774e-01 4.420815364537832859e-01
2.552008506059325610e-01 4.399005510885346526e-01
2.698898172551421615e-01 4.376570368288152379e-01
2.850428332354875138e-01 4.353748894251442403e-01
3.006605850185857243e-01 4.330502265194455802e-01
3.167483756569098308e-01 4.306620723124461869e-01
3.333055542047496655e-01 4.282283175925764018e-01
3.503350919080098769e-01 4.258165133455442675e-01
3.678324925852278215e-01 4.234156331238387860e-01
3.857992821370228587e-01 4.209834083588272491e-01
4.042308529336123279e-01 4.185390915439486936e-01
4.231285099757112755e-01 4.160525289240319946e-01
4.424881725841832703e-01 4.135065425724686050e-01
4.623109863231310013e-01 4.109206802008797954e-01
4.825913405114287125e-01 4.082725560769228101e-01
5.033292518079307554e-01 4.055986725706896556e-01
5.245165074908650915e-01 4.028817943066171914e-01
5.461521077999492713e-01 4.001319498599704150e-01
5.682267762204421535e-01 3.973329710560575267e-01
5.907393695078615448e-01 3.944787396238353949e-01
6.136805026536047425e-01 3.915592352324963055e-01
6.370487652942444790e-01 3.885767287812255666e-01
6.608337633920892129e-01 3.855377960587493824e-01
6.850330243888204107e-01 3.824396441365942589e-01
7.096348795965397027e-01 3.792796644322711797e-01
7.346362818420365537e-01 3.760661467791439061e-01
7.600244475981383641e-01 3.727833135633120132e-01
7.857966368587403494e-01 3.694382163349124726e-01
8.119394506972636982e-01 3.660193628262138898e-01
8.384506516768953643e-01 3.625289455195768729e-01
8.653159160995622656e-01 3.589714940056472070e-01
8.925326459318825290e-01 3.553444896271268916e-01
9.200856134877645198e-01 3.516509149635338449e-01
9.479721321036067572e-01 3.478876387976714279e-01
9.761768932809820054e-01 3.440529226534965179e-01
1.004697949864594486e+00 3.401390957985625518e-01
1.033521036358540979e+00 3.361438149459476943e-01
1.062645217858380065e+00 3.320619065613083509e-01
1.092056829108768223e+00 3.278979587395144946e-01
1.121755401475420744e+00 3.236463397193237723e-01
1.151726999714492106e+00 3.193162626764278200e-01
1.181971855848823250e+00 3.148991474278337588e-01
1.212475574782255316e+00 3.103997134945218894e-01
1.243238876321704156e+00 3.058162453597019215e-01
1.274247890571365005e+00 3.011441650079788035e-01
1.305503215071504242e+00 2.963899971176748860e-01
1.336992012410622044e+00 2.915484737791604331e-01
1.368714746367811541e+00 2.866174858515361246e-01
1.400658493005180194e+00 2.815988870683355794e-01
1.432824454447450657e+00 2.764940742371993498e-01
1.465200597504324520e+00 2.712997434967492905e-01
1.497787600932932284e+00 2.660167361001206099e-01
1.530573112577380934e+00 2.606453421364927081e-01
1.563557726760044675e+00 2.551888897376669574e-01
1.596728099042207916e+00 2.496494802153199355e-01
1.630083917132682858e+00 2.440292377886271458e-01
1.663610593125515180e+00 2.383303382527723613e-01
1.697306834769928940e+00 2.325551027253985881e-01
1.731156617531743880e+00 2.267060697488834375e-01
1.765157530955377974e+00 2.207859884545779194e-01
1.799291862366996675e+00 2.147977405734398104e-01
1.833555853772975697e+00 2.087442442417451194e-01
1.867929811632901949e+00 2.026289039281749527e-01
1.902408852283979268e+00 1.964604078364652617e-01
1.936972036561900090e+00 1.902355469224439599e-01
1.971612188587897219e+00 1.839588629081455595e-01
2.006306179529633305e+00 1.776387235310967205e-01
2.041046401260089294e+00 1.712658573843889309e-01
2.075807409192941488e+00 1.648631779853658719e-01
2.110580022609469086e+00 1.584134691208420320e-01
2.145337141719257712e+00 1.519392120434200077e-01
2.180067477441431478e+00 1.454306316318831616e-01
2.214743457799302817e+00 1.388917963326957716e-01
2.249352674312602662e+00 1.323152530351207057e-01
2.283867367505800772e+00 1.257182242647725268e-01
2.318272243575534741e+00 1.191067881214097485e-01
2.352532621096243837e+00 1.124983317562153612e-01
2.386625805390239385e+00 1.059172024883478364e-01
2.420505276737160649e+00 9.936790733171185774e-02
2.454143617229638252e+00 9.284006782367855426e-02
2.487493876494717870e+00 8.632336430481027389e-02
2.520533743918459191e+00 7.978827778794292391e-02
2.553226142918344266e+00 7.321854993332692352e-02
2.585553495006635671e+00 6.661323793982300290e-02
2.617480883516548396e+00 5.998710552310957539e-02
2.648988971460941144e+00 5.330861698652992337e-02
2.680046502602991598e+00 4.654949352119041456e-02
2.710652357137401935e+00 3.965597165119161271e-02
2.740815441973818878e+00 3.259245261885134609e-02
2.770574721360232751e+00 2.547377002048244882e-02
2.799895607341693182e+00 1.850208810600518713e-02
2.828437983127479960e+00 1.194259221039603060e-02
2.854649598938202804e+00 6.063565481624874458e-03
2.870377639126981961e+00 1.259940723658751387e-03
