# psi Omega_F/Omega_H for a=0.990000
0.000000000000000000e+00 4.994550182565296037e-01
7.884787006104831573e-04 4.998507149999259491e-01
3.162503259949814814e-03 4.995963690121228429e-01
7.095096861842992327e-03 4.988245020426096965e-01
1.258552119373259996e-02 4.976676358408758660e-01
1.960099344398923832e-02 4.964475903705043436e-01
2.814739260079947986e-02 4.949037921184062938e-01
3.820770901282245779e-02 4.928246658766962662e-01
4.980822514830604564e-02 4.905712060803993357e-01
6.294259856397364794e-02 4.885922381311033069e-01
7.762925411372939566e-02 4.867886840187141129e-01
9.387059131665025091e-02 4.847883656932288066e-01
1.117098913541123978e-01 4.824677736055980048e-01
1.311786706686489945e-01 4.797531211070031887e-01
1.523286117923601801e-01 4.766165337511183431e-01
1.752007158569440226e-01 4.731662090819528377e-01
1.998417324097881698e-01 4.695595209470465048e-01
2.262781634318310198e-01 4.657457430855336256e-01
2.545491244289878607e-01 4.617328308217645283e-01
2.846695566245165399e-01 4.576324813100045019e-01
3.166579537095132180e-01 4.534487289699939971e-01
3.505095254774475144e-01 4.491082484083588344e-01
3.862398776005903089e-01 4.444977610264867485e-01
4.238384207906579215e-01 4.396641767370119136e-01
4.632999853300283633e-01 4.346844693490244382e-01
5.045863649946525920e-01 4.295002421717060148e-01
5.476827762963029089e-01 4.240365935368079486e-01
5.925434328782885895e-01 4.182997970792839415e-01
6.391361653534965992e-01 4.123436562468909550e-01
6.873888894421690265e-01 4.061311037373639410e-01
7.372589066260972768e-01 3.996216258781858377e-01
7.886681029336238824e-01 3.928167703421183710e-01
8.415645729225936789e-01 3.857168456086466080e-01
8.958610808575485640e-01 3.782998920767389195e-01
9.515039479511216980e-01 3.705610536343785788e-01
1.008405591990702677e+00 3.624952886900797422e-01
1.066513227591965984e+00 3.540805463795028141e-01
1.125747658127754569e+00 3.453031269746116849e-01
1.186061767401725309e+00 3.361627624708991013e-01
1.247382399692853694e+00 3.266564766720133628e-01
1.309668522777968303e+00 3.167657761678578376e-01
1.372856524250867238e+00 3.064845737671131887e-01
1.436910641236865738e+00 2.958187594353012262e-01
1.501771364414313803e+00 2.847650824747813836e-01
1.567401412019052920e+00 2.733254653336323337e-01
1.633738431152489179e+00 2.615147532097767957e-01
1.700738250397026308e+00 2.493508300015319645e-01
1.768322488745192489e+00 2.368550905344380952e-01
1.836430121110140590e+00 2.240518489064101115e-01
1.904956102066975188e+00 2.109781220110336641e-01
1.973818531623867001e+00 1.976591577819837298e-01
2.042878850422552350e+00 1.841199415407430706e-01
2.112032511311603855e+00 1.703879657138142045e-01
2.181107993315534621e+00 1.564909262961140246e-01
2.249979299748644301e+00 1.424415173521449973e-01
2.318453882913726449e+00 1.282555356945105363e-01
2.386378202815240268e+00 1.140542314786391898e-01
2.453456725865155175e+00 9.997327287151526465e-02
2.519444795655251923e+00 8.592285812549270430e-02
2.584043822008287972e+00 7.175604880462445323e-02
2.647077257795714900e+00 5.747008262552865537e-02
2.708311131353172474e+00 4.280483737402253352e-02
2.767776410849547286e+00 2.755050259401331525e-02
2.824800251695397169e+00 1.297875418247925253e-02
2.860782878793353579e+00 1.651272912774296971e-03
