# psi Omega_F/Omega_H for a=0.900000
0.000000000000000000e+00 4.998931498414651009e-01
7.647489799154633247e-04 4.997568904849842286e-01
3.061577682222028224e-03 4.995418344076529293e-01
6.896637620062638988e-03 4.992461967876877793e-01
1.228247125604394960e-02 4.988681928033055213e-01
1.923277208861387880e-02 4.983994910336383977e-01
2.776911349432317072e-02 4.978404330195204119e-01
3.791184158506968882e-02 4.971707391159246314e-01
4.968969322657121324e-02 4.962957691554529815e-01
6.312777155522862615e-02 4.952755037972400021e-01
7.825971335826391317e-02 4.941386500301092055e-01
9.511338885682088518e-02 4.928762085711170249e-01
1.137244508128070070e-01 4.914805407206116472e-01
1.341205703333911980e-01 4.899452820429521793e-01
1.563362972284914054e-01 4.882650609602093850e-01
1.803957942711821028e-01 4.864156617986226672e-01
2.063292907557215394e-01 4.843279891497657141e-01
2.341539570237832213e-01 4.820703927019857060e-01
2.638924875216556165e-01 4.796467760216062692e-01
2.955514224133774515e-01 4.770700739435684290e-01
3.291429607776869548e-01 4.743093812526673614e-01
3.646593495860899203e-01 4.712714691689310342e-01
4.021002821627421286e-01 4.679613099553435185e-01
4.414416822924950856e-01 4.644724721012122859e-01
4.826681557050857552e-01 4.607536082652345932e-01
5.257376250750829261e-01 4.566654172974566883e-01
5.706209770018624283e-01 4.523576000616608694e-01
6.172561198183893483e-01 4.477645854959950156e-01
6.655989688666229531e-01 4.428044786908639785e-01
7.155725254160254512e-01 4.375618178007119052e-01
7.671170941097358309e-01 4.319763610312781776e-01
8.201407974032225434e-01 4.260184545198140160e-01
8.745741843054637421e-01 4.197213900991836888e-01
9.303118296628123396e-01 4.130437128878320374e-01
9.872780834521628357e-01 4.059779356184056720e-01
1.045361129369187347e+00 3.985276153810161648e-01
1.104478720742174236e+00 3.906745447208760380e-01
1.164517599584324659e+00 3.824105287052902424e-01
1.225396616050105303e+00 3.737363931804996708e-01
1.287000961569414015e+00 3.646455207950831667e-01
1.349249021827654493e+00 3.551291978775077407e-01
1.412031052549367782e+00 3.451869900724523488e-01
1.475267086966383756e+00 3.348173252575258885e-01
1.538851098282845609e+00 3.240158777247496569e-01
1.602706820556567546e+00 3.127857073038033398e-01
1.666730858423852935e+00 3.011303031025929222e-01
1.730847088356761265e+00 2.890487032865099448e-01
1.794951099684350071e+00 2.765384059206821843e-01
1.858964529429042667e+00 2.636065676547241776e-01
1.922782013301083115e+00 2.502877193691175339e-01
1.986321504831721318e+00 2.365317368857388358e-01
2.049475828436284619e+00 2.223410679584325589e-01
2.112178267626966477e+00 2.076600981678628777e-01
2.174313968727408675e+00 1.925427212306396740e-01
2.235777753427816705e+00 1.771287370891575230e-01
2.296375903630750059e+00 1.615983101920886456e-01
2.355944187219102037e+00 1.459486538725248972e-01
2.414303232164158430e+00 1.297944784743472191e-01
2.471441049249633704e+00 1.126311626276702421e-01
2.527462469443839677e+00 9.415234532655386568e-02
2.582606086583953520e+00 7.420462138703211308e-02
2.637247126711122824e+00 5.381919168089405875e-02
2.690933006697017404e+00 3.463598021657473408e-02
2.741600113705761288e+00 1.710668542931239461e-02
2.773089010114390351e+00 2.468448170436621670e-03
